# JRE version: Java(TM) SE Runtime Environment (8.0_121-b13) (build 1.8.0_121-b13)
# Java VM: Java HotSpot(TM) 64-Bit Server VM (25.121-b13 mixed mode windows-amd64 compressed oops)
Heap:
 PSYoungGen      total 65024K, used 25805K [0x000000076b500000, 0x000000076ff80000, 0x00000007c0000000)
  eden space 62464K, 37% used [0x000000076b500000,0x000000076cbb54b0,0x000000076f200000)
  from space 2560K, 99% used [0x000000076fd00000,0x000000076ff7e020,0x000000076ff80000)
  to   space 3584K, 0% used [0x000000076f880000,0x000000076f880000,0x000000076fc00000)
 ParOldGen       total 175104K, used 16K [0x00000006c1e00000, 0x00000006cc900000, 0x000000076b500000)
  object space 175104K, 0% used [0x00000006c1e00000,0x00000006c1e04000,0x00000006cc900000)
 Metaspace       used 4705K, capacity 5178K, committed 5248K, reserved 1056768K
  class space    used 526K, capacity 585K, committed 640K, reserved 1048576K
GC Heap History (10 events):
Event: 5.433 GC heap before
{Heap before GC invocations=2 (full 0):
 PSYoungGen      total 76288K, used 68204K [0x000000076b500000, 0x0000000770a00000, 0x00000007c0000000)
  eden space 65536K, 100% used [0x000000076b500000,0x000000076f500000,0x000000076f500000)
  from space 10752K, 24% used [0x000000076f500000,0x000000076f79b388,0x000000076ff80000)
  to   space 10752K, 0% used [0x000000076ff80000,0x000000076ff80000,0x0000000770a00000)
 ParOldGen       total 175104K, used 8K [0x00000006c1e00000, 0x00000006cc900000, 0x000000076b500000)
  object space 175104K, 0% used [0x00000006c1e00000,0x00000006c1e02000,0x00000006cc900000)
 Metaspace       used 4697K, capacity 5174K, committed 5248K, reserved 1056768K
  class space    used 525K, capacity 585K, committed 640K, reserved 1048576K
Event: 5.442 GC heap after
Heap after GC invocations=2 (full 0):
 PSYoungGen      total 76288K, used 2536K [0x000000076b500000, 0x0000000770a00000, 0x00000007c0000000)
  eden space 65536K, 0% used [0x000000076b500000,0x000000076b500000,0x000000076f500000)
  from space 10752K, 23% used [0x000000076ff80000,0x00000007701fa030,0x0000000770a00000)
  to   space 10752K, 0% used [0x000000076f500000,0x000000076f500000,0x000000076ff80000)
 ParOldGen       total 175104K, used 8K [0x00000006c1e00000, 0x00000006cc900000, 0x000000076b500000)
  object space 175104K, 0% used [0x00000006c1e00000,0x00000006c1e02000,0x00000006cc900000)
 Metaspace       used 4697K, capacity 5174K, committed 5248K, reserved 1056768K
  class space    used 525K, capacity 585K, committed 640K, reserved 1048576K
}
Event: 6.915 GC heap before
{Heap before GC invocations=3 (full 0):
 PSYoungGen      total 76288K, used 68072K [0x000000076b500000, 0x0000000770a00000, 0x00000007c0000000)
  eden space 65536K, 100% used [0x000000076b500000,0x000000076f500000,0x000000076f500000)
  from space 10752K, 23% used [0x000000076ff80000,0x00000007701fa030,0x0000000770a00000)
  to   space 10752K, 0% used [0x000000076f500000,0x000000076f500000,0x000000076ff80000)
 ParOldGen       total 175104K, used 8K [0x00000006c1e00000, 0x00000006cc900000, 0x000000076b500000)
  object space 175104K, 0% used [0x00000006c1e00000,0x00000006c1e02000,0x00000006cc900000)
 Metaspace       used 4698K, capacity 5174K, committed 5248K, reserved 1056768K
  class space    used 525K, capacity 585K, committed 640K, reserved 1048576K
Event: 6.916 GC heap after
Heap after GC invocations=3 (full 0):
 PSYoungGen      total 76288K, used 2600K [0x000000076b500000, 0x0000000770a00000, 0x00000007c0000000)
  eden space 65536K, 0% used [0x000000076b500000,0x000000076b500000,0x000000076f500000)
  from space 10752K, 24% used [0x000000076f500000,0x000000076f78a010,0x000000076ff80000)
  to   space 10752K, 0% used [0x000000076ff80000,0x000000076ff80000,0x0000000770a00000)
 ParOldGen       total 175104K, used 16K [0x00000006c1e00000, 0x00000006cc900000, 0x000000076b500000)
  object space 175104K, 0% used [0x00000006c1e00000,0x00000006c1e04000,0x00000006cc900000)
 Metaspace       used 4698K, capacity 5174K, committed 5248K, reserved 1056768K
  class space    used 525K, capacity 585K, committed 640K, reserved 1048576K
}
Event: 7.924 GC heap before
{Heap before GC invocations=4 (full 0):
 PSYoungGen      total 76288K, used 68136K [0x000000076b500000, 0x0000000770a00000, 0x00000007c0000000)
  eden space 65536K, 100% used [0x000000076b500000,0x000000076f500000,0x000000076f500000)
  from space 10752K, 24% used [0x000000076f500000,0x000000076f78a010,0x000000076ff80000)
  to   space 10752K, 0% used [0x000000076ff80000,0x000000076ff80000,0x0000000770a00000)
 ParOldGen       total 175104K, used 16K [0x00000006c1e00000, 0x00000006cc900000, 0x000000076b500000)
  object space 175104K, 0% used [0x00000006c1e00000,0x00000006c1e04000,0x00000006cc900000)
 Metaspace       used 4702K, capacity 5178K, committed 5248K, reserved 1056768K
  class space    used 525K, capacity 585K, committed 640K, reserved 1048576K
Event: 7.925 GC heap after
Heap after GC invocations=4 (full 0):
 PSYoungGen      total 76288K, used 2536K [0x000000076b500000, 0x0000000770a00000, 0x00000007c0000000)
  eden space 65536K, 0% used [0x000000076b500000,0x000000076b500000,0x000000076f500000)
  from space 10752K, 23% used [0x000000076ff80000,0x00000007701fa010,0x0000000770a00000)
  to   space 10752K, 0% used [0x000000076f500000,0x000000076f500000,0x000000076ff80000)
 ParOldGen       total 175104K, used 16K [0x00000006c1e00000, 0x00000006cc900000, 0x000000076b500000)
  object space 175104K, 0% used [0x00000006c1e00000,0x00000006c1e04000,0x00000006cc900000)
 Metaspace       used 4702K, capacity 5178K, committed 5248K, reserved 1056768K
  class space    used 525K, capacity 585K, committed 640K, reserved 1048576K
}
Event: 8.914 GC heap before
{Heap before GC invocations=5 (full 0):
 PSYoungGen      total 76288K, used 67881K [0x000000076b500000, 0x0000000770a00000, 0x00000007c0000000)
  eden space 65536K, 99% used [0x000000076b500000,0x000000076f4d0458,0x000000076f500000)
  from space 10752K, 23% used [0x000000076ff80000,0x00000007701fa010,0x0000000770a00000)
  to   space 10752K, 0% used [0x000000076f500000,0x000000076f500000,0x000000076ff80000)
 ParOldGen       total 175104K, used 16K [0x00000006c1e00000, 0x00000006cc900000, 0x000000076b500000)
  object space 175104K, 0% used [0x00000006c1e00000,0x00000006c1e04000,0x00000006cc900000)
 Metaspace       used 4703K, capacity 5178K, committed 5248K, reserved 1056768K
  class space    used 525K, capacity 585K, committed 640K, reserved 1048576K
Event: 8.915 GC heap after
Heap after GC invocations=5 (full 0):
 PSYoungGen      total 65536K, used 1136K [0x000000076b500000, 0x0000000770000000, 0x00000007c0000000)
  eden space 64000K, 0% used [0x000000076b500000,0x000000076b500000,0x000000076f380000)
  from space 1536K, 73% used [0x000000076f500000,0x000000076f61c020,0x000000076f680000)
  to   space 3072K, 0% used [0x000000076fd00000,0x000000076fd00000,0x0000000770000000)
 ParOldGen       total 175104K, used 16K [0x00000006c1e00000, 0x00000006cc900000, 0x000000076b500000)
  object space 175104K, 0% used [0x00000006c1e00000,0x00000006c1e04000,0x00000006cc900000)
 Metaspace       used 4703K, capacity 5178K, committed 5248K, reserved 1056768K
  class space    used 525K, capacity 585K, committed 640K, reserved 1048576K
}
Event: 9.451 GC heap before
{Heap before GC invocations=6 (full 0):
 PSYoungGen      total 65536K, used 65136K [0x000000076b500000, 0x0000000770000000, 0x00000007c0000000)
  eden space 64000K, 100% used [0x000000076b500000,0x000000076f380000,0x000000076f380000)
  from space 1536K, 73% used [0x000000076f500000,0x000000076f61c020,0x000000076f680000)
  to   space 3072K, 0% used [0x000000076fd00000,0x000000076fd00000,0x0000000770000000)
 ParOldGen       total 175104K, used 16K [0x00000006c1e00000, 0x00000006cc900000, 0x000000076b500000)
  object space 175104K, 0% used [0x00000006c1e00000,0x00000006c1e04000,0x00000006cc900000)
 Metaspace       used 4703K, capacity 5178K, committed 5248K, reserved 1056768K
  class space    used 525K, capacity 585K, committed 640K, reserved 1048576K
Event: 9.452 GC heap after
Heap after GC invocations=6 (full 0):
 PSYoungGen      total 65024K, used 2552K [0x000000076b500000, 0x000000076ff80000, 0x00000007c0000000)
  eden space 62464K, 0% used [0x000000076b500000,0x000000076b500000,0x000000076f200000)
  from space 2560K, 99% used [0x000000076fd00000,0x000000076ff7e020,0x000000076ff80000)
  to   space 3584K, 0% used [0x000000076f880000,0x000000076f880000,0x000000076fc00000)
 ParOldGen       total 175104K, used 16K [0x00000006c1e00000, 0x00000006cc900000, 0x000000076b500000)
  object space 175104K, 0% used [0x00000006c1e00000,0x00000006c1e04000,0x00000006cc900000)
 Metaspace       used 4703K, capacity 5178K, committed 5248K, reserved 1056768K
  class space    used 525K, capacity 585K, committed 640K, reserved 1048576K
}

