# JRE version: Java(TM) SE Runtime Environment (8.0_121-b13) (build 1.8.0_121-b13)
# Java VM: Java HotSpot(TM) 64-Bit Server VM (25.121-b13 mixed mode windows-amd64 compressed oops)
Heap:
 PSYoungGen      total 141824K, used 2621K [0x000000076b500000, 0x0000000774a00000, 0x00000007c0000000)
  eden space 131072K, 2% used [0x000000076b500000,0x000000076b78f5d8,0x0000000773500000)
  from space 10752K, 0% used [0x0000000773f80000,0x0000000773f80000,0x0000000774a00000)
  to   space 10752K, 0% used [0x0000000773500000,0x0000000773500000,0x0000000773f80000)
 ParOldGen       total 2776064K, used 982K [0x00000006c1e00000, 0x000000076b500000, 0x000000076b500000)
  object space 2776064K, 0% used [0x00000006c1e00000,0x00000006c1ef58d0,0x000000076b500000)
 Metaspace       used 4206K, capacity 4916K, committed 4992K, reserved 1056768K
  class space    used 492K, capacity 578K, committed 640K, reserved 1048576K
GC Heap History (10 events):
Event: 18.359 GC heap before
{Heap before GC invocations=2 (full 0):
 PSYoungGen      total 76288K, used 30286K [0x000000076b500000, 0x0000000770a00000, 0x00000007c0000000)
  eden space 65536K, 44% used [0x000000076b500000,0x000000076d177b00,0x000000076f500000)
  from space 10752K, 10% used [0x000000076f500000,0x000000076f61c020,0x000000076ff80000)
  to   space 10752K, 0% used [0x000000076ff80000,0x000000076ff80000,0x0000000770a00000)
 ParOldGen       total 2776064K, used 8K [0x00000006c1e00000, 0x000000076b500000, 0x000000076b500000)
  object space 2776064K, 0% used [0x00000006c1e00000,0x00000006c1e02000,0x000000076b500000)
 Metaspace       used 4215K, capacity 4930K, committed 4992K, reserved 1056768K
  class space    used 496K, capacity 585K, committed 640K, reserved 1048576K
Event: 18.359 GC heap after
Heap after GC invocations=2 (full 0):
 PSYoungGen      total 76288K, used 1136K [0x000000076b500000, 0x0000000770a00000, 0x00000007c0000000)
  eden space 65536K, 0% used [0x000000076b500000,0x000000076b500000,0x000000076f500000)
  from space 10752K, 10% used [0x000000076ff80000,0x000000077009c020,0x0000000770a00000)
  to   space 10752K, 0% used [0x000000076f500000,0x000000076f500000,0x000000076ff80000)
 ParOldGen       total 2776064K, used 16K [0x00000006c1e00000, 0x000000076b500000, 0x000000076b500000)
  object space 2776064K, 0% used [0x00000006c1e00000,0x00000006c1e04000,0x000000076b500000)
 Metaspace       used 4215K, capacity 4930K, committed 4992K, reserved 1056768K
  class space    used 496K, capacity 585K, committed 640K, reserved 1048576K
}
Event: 18.359 GC heap before
{Heap before GC invocations=3 (full 0):
 PSYoungGen      total 76288K, used 1136K [0x000000076b500000, 0x0000000770a00000, 0x00000007c0000000)
  eden space 65536K, 0% used [0x000000076b500000,0x000000076b500000,0x000000076f500000)
  from space 10752K, 10% used [0x000000076ff80000,0x000000077009c020,0x0000000770a00000)
  to   space 10752K, 0% used [0x000000076f500000,0x000000076f500000,0x000000076ff80000)
 ParOldGen       total 2776064K, used 16K [0x00000006c1e00000, 0x000000076b500000, 0x000000076b500000)
  object space 2776064K, 0% used [0x00000006c1e00000,0x00000006c1e04000,0x000000076b500000)
 Metaspace       used 4215K, capacity 4930K, committed 4992K, reserved 1056768K
  class space    used 496K, capacity 585K, committed 640K, reserved 1048576K
Event: 18.360 GC heap after
Heap after GC invocations=3 (full 0):
 PSYoungGen      total 76288K, used 1104K [0x000000076b500000, 0x0000000774a00000, 0x00000007c0000000)
  eden space 65536K, 0% used [0x000000076b500000,0x000000076b500000,0x000000076f500000)
  from space 10752K, 10% used [0x000000076f500000,0x000000076f614020,0x000000076ff80000)
  to   space 10752K, 0% used [0x0000000773f80000,0x0000000773f80000,0x0000000774a00000)
 ParOldGen       total 2776064K, used 24K [0x00000006c1e00000, 0x000000076b500000, 0x000000076b500000)
  object space 2776064K, 0% used [0x00000006c1e00000,0x00000006c1e06000,0x000000076b500000)
 Metaspace       used 4215K, capacity 4930K, committed 4992K, reserved 1056768K
  class space    used 496K, capacity 585K, committed 640K, reserved 1048576K
}
Event: 18.360 GC heap before
{Heap before GC invocations=4 (full 1):
 PSYoungGen      total 76288K, used 1104K [0x000000076b500000, 0x0000000774a00000, 0x00000007c0000000)
  eden space 65536K, 0% used [0x000000076b500000,0x000000076b500000,0x000000076f500000)
  from space 10752K, 10% used [0x000000076f500000,0x000000076f614020,0x000000076ff80000)
  to   space 10752K, 0% used [0x0000000773f80000,0x0000000773f80000,0x0000000774a00000)
 ParOldGen       total 2776064K, used 24K [0x00000006c1e00000, 0x000000076b500000, 0x000000076b500000)
  object space 2776064K, 0% used [0x00000006c1e00000,0x00000006c1e06000,0x000000076b500000)
 Metaspace       used 4215K, capacity 4930K, committed 4992K, reserved 1056768K
  class space    used 496K, capacity 585K, committed 640K, reserved 1048576K
Event: 18.386 GC heap after
Heap after GC invocations=4 (full 1):
 PSYoungGen      total 76288K, used 0K [0x000000076b500000, 0x0000000774a00000, 0x00000007c0000000)
  eden space 65536K, 0% used [0x000000076b500000,0x000000076b500000,0x000000076f500000)
  from space 10752K, 0% used [0x000000076f500000,0x000000076f500000,0x000000076ff80000)
  to   space 10752K, 0% used [0x0000000773f80000,0x0000000773f80000,0x0000000774a00000)
 ParOldGen       total 67584K, used 1034K [0x00000006c1e00000, 0x00000006c6000000, 0x000000076b500000)
  object space 67584K, 1% used [0x00000006c1e00000,0x00000006c1f02a20,0x00000006c6000000)
 Metaspace       used 4213K, capacity 4926K, committed 4992K, reserved 1056768K
  class space    used 495K, capacity 583K, committed 640K, reserved 1048576K
}
Event: 18.390 GC heap before
{Heap before GC invocations=5 (full 1):
 PSYoungGen      total 76288K, used 0K [0x000000076b500000, 0x0000000774a00000, 0x00000007c0000000)
  eden space 65536K, 0% used [0x000000076b500000,0x000000076b500000,0x000000076f500000)
  from space 10752K, 0% used [0x000000076f500000,0x000000076f500000,0x000000076ff80000)
  to   space 10752K, 0% used [0x0000000773f80000,0x0000000773f80000,0x0000000774a00000)
 ParOldGen       total 2776064K, used 1034K [0x00000006c1e00000, 0x000000076b500000, 0x000000076b500000)
  object space 2776064K, 0% used [0x00000006c1e00000,0x00000006c1f02a20,0x000000076b500000)
 Metaspace       used 4213K, capacity 4926K, committed 4992K, reserved 1056768K
  class space    used 495K, capacity 583K, committed 640K, reserved 1048576K
Event: 18.390 GC heap after
Heap after GC invocations=5 (full 1):
 PSYoungGen      total 141824K, used 0K [0x000000076b500000, 0x0000000774a00000, 0x00000007c0000000)
  eden space 131072K, 0% used [0x000000076b500000,0x000000076b500000,0x0000000773500000)
  from space 10752K, 0% used [0x0000000773f80000,0x0000000773f80000,0x0000000774a00000)
  to   space 10752K, 0% used [0x0000000773500000,0x0000000773500000,0x0000000773f80000)
 ParOldGen       total 2776064K, used 1034K [0x00000006c1e00000, 0x000000076b500000, 0x000000076b500000)
  object space 2776064K, 0% used [0x00000006c1e00000,0x00000006c1f02a20,0x000000076b500000)
 Metaspace       used 4213K, capacity 4926K, committed 4992K, reserved 1056768K
  class space    used 495K, capacity 583K, committed 640K, reserved 1048576K
}
Event: 18.390 GC heap before
{Heap before GC invocations=6 (full 2):
 PSYoungGen      total 141824K, used 0K [0x000000076b500000, 0x0000000774a00000, 0x00000007c0000000)
  eden space 131072K, 0% used [0x000000076b500000,0x000000076b500000,0x0000000773500000)
  from space 10752K, 0% used [0x0000000773f80000,0x0000000773f80000,0x0000000774a00000)
  to   space 10752K, 0% used [0x0000000773500000,0x0000000773500000,0x0000000773f80000)
 ParOldGen       total 2776064K, used 1034K [0x00000006c1e00000, 0x000000076b500000, 0x000000076b500000)
  object space 2776064K, 0% used [0x00000006c1e00000,0x00000006c1f02a20,0x000000076b500000)
 Metaspace       used 4213K, capacity 4926K, committed 4992K, reserved 1056768K
  class space    used 495K, capacity 583K, committed 640K, reserved 1048576K
Event: 18.403 GC heap after
Heap after GC invocations=6 (full 2):
 PSYoungGen      total 141824K, used 0K [0x000000076b500000, 0x0000000774a00000, 0x00000007c0000000)
  eden space 131072K, 0% used [0x000000076b500000,0x000000076b500000,0x0000000773500000)
  from space 10752K, 0% used [0x0000000773f80000,0x0000000773f80000,0x0000000774a00000)
  to   space 10752K, 0% used [0x0000000773500000,0x0000000773500000,0x0000000773f80000)
 ParOldGen       total 97280K, used 982K [0x00000006c1e00000, 0x00000006c7d00000, 0x000000076b500000)
  object space 97280K, 1% used [0x00000006c1e00000,0x00000006c1ef58d0,0x00000006c7d00000)
 Metaspace       used 4206K, capacity 4916K, committed 4992K, reserved 1056768K
  class space    used 492K, capacity 578K, committed 640K, reserved 1048576K
}

